Performing C SOURCE FILE Test CMAKE_HAVE_LIBC_PTHREAD failed with the following output:
Change Dir: /root/proj/ecomm/libs/buggy_telnet/build/CMakeFiles/CMakeTmp

Run Build Command(s):/usr/bin/gmake cmTC_84620/fast && /usr/bin/gmake -f CMakeFiles/cmTC_84620.dir/build.make CMakeFiles/cmTC_84620.dir/build
gmake[1]: Entering directory '/root/proj/ecomm/libs/buggy_telnet/build/CMakeFiles/CMakeTmp'
Building C object CMakeFiles/cmTC_84620.dir/src.c.o
/bin/clang-11   -DCMAKE_HAVE_LIBC_PTHREAD   -o CMakeFiles/cmTC_84620.dir/src.c.o   -c /root/proj/ecomm/libs/buggy_telnet/build/CMakeFiles/CMakeTmp/src.c
Linking C executable cmTC_84620
/usr/bin/cmake -E cmake_link_script CMakeFiles/cmTC_84620.dir/link.txt --verbose=1
/bin/clang-11  -DCMAKE_HAVE_LIBC_PTHREAD    CMakeFiles/cmTC_84620.dir/src.c.o  -o cmTC_84620 
/bin/ld: CMakeFiles/cmTC_84620.dir/src.c.o: in function `main':
src.c:(.text+0x35): undefined reference to `pthread_create'
/bin/ld: src.c:(.text+0x41): undefined reference to `pthread_detach'
/bin/ld: src.c:(.text+0x53): undefined reference to `pthread_join'
clang: error: linker command failed with exit code 1 (use -v to see invocation)
gmake[1]: *** [CMakeFiles/cmTC_84620.dir/build.make:87: cmTC_84620] Error 1
gmake[1]: Leaving directory '/root/proj/ecomm/libs/buggy_telnet/build/CMakeFiles/CMakeTmp'
gmake: *** [Makefile:121: cmTC_84620/fast] Error 2


Source file was:
#include <pthread.h>

void* test_func(void* data)
{
  return data;
}

int main(void)
{
  pthread_t thread;
  pthread_create(&thread, NULL, test_func, NULL);
  pthread_detach(thread);
  pthread_join(thread, NULL);
  pthread_atfork(NULL, NULL, NULL);
  pthread_exit(NULL);

  return 0;
}

Determining if the function pthread_create exists in the pthreads failed with the following output:
Change Dir: /root/proj/ecomm/libs/buggy_telnet/build/CMakeFiles/CMakeTmp

Run Build Command(s):/usr/bin/gmake cmTC_0262a/fast && /usr/bin/gmake -f CMakeFiles/cmTC_0262a.dir/build.make CMakeFiles/cmTC_0262a.dir/build
gmake[1]: Entering directory '/root/proj/ecomm/libs/buggy_telnet/build/CMakeFiles/CMakeTmp'
Building C object CMakeFiles/cmTC_0262a.dir/CheckFunctionExists.c.o
/bin/clang-11   -DCHECK_FUNCTION_EXISTS=pthread_create   -o CMakeFiles/cmTC_0262a.dir/CheckFunctionExists.c.o   -c /usr/share/cmake-3.16/Modules/CheckFunctionExists.c
Linking C executable cmTC_0262a
/usr/bin/cmake -E cmake_link_script CMakeFiles/cmTC_0262a.dir/link.txt --verbose=1
/bin/clang-11  -DCHECK_FUNCTION_EXISTS=pthread_create    CMakeFiles/cmTC_0262a.dir/CheckFunctionExists.c.o  -o cmTC_0262a  -lpthreads 
/bin/ld: cannot find -lpthreads
clang: error: linker command failed with exit code 1 (use -v to see invocation)
gmake[1]: *** [CMakeFiles/cmTC_0262a.dir/build.make:87: cmTC_0262a] Error 1
gmake[1]: Leaving directory '/root/proj/ecomm/libs/buggy_telnet/build/CMakeFiles/CMakeTmp'
gmake: *** [Makefile:121: cmTC_0262a/fast] Error 2



